#
# There is insufficient memory for the Java Runtime Environment to continue.
# Native memory allocation (mmap) failed to map 266338304 bytes for Failed to commit area from 0x0000000703600000 to 0x0000000713400000 of length 266338304.
# Possible reasons:
#   The system is out of physical RAM or swap space
#   The process is running with CompressedOops enabled, and the Java Heap may be blocking the growth of the native heap
# Possible solutions:
#   Reduce memory load on the system
#   Increase physical memory or swap space
#   Check if swap backing store is full
#   Decrease Java heap size (-Xmx/-Xms)
#   Decrease number of Java threads
#   Decrease Java thread stack sizes (-Xss)
#   Set larger code cache with -XX:ReservedCodeCacheSize=
# This output file may be truncated or incomplete.
#
#  Out of Memory Error (t:/workspace/open/src/hotspot/os/windows/os_windows.cpp:3301), pid=50292, tid=50840
#
# JRE version:  (13.0.2+8) (build )
# Java VM: Java HotSpot(TM) 64-Bit Server VM (13.0.2+8, mixed mode, aot, sharing, tiered, compressed oops, g1 gc, windows-amd64)
# No core dump will be written. Minidumps are not enabled by default on client versions of Windows
#

---------------  S U M M A R Y ------------

Command Line: AES

Host: Intel(R) Core(TM) i7-9750H CPU @ 2.60GHz, 12 cores, 15G,  Windows 10 , 64 bit Build 22494 (10.0.22494.1000)
Time: Sat Nov 13 05:35:48 2021 India Standard Time elapsed time: 0 seconds (0d 0h 0m 0s)

---------------  T H R E A D  ---------------

Current thread (0x00000243a7ca5800):  JavaThread "Unknown thread" [_thread_in_vm, id=50840, stack(0x0000005108300000,0x0000005108400000)]

Stack: [0x0000005108300000,0x0000005108400000]
Native frames: (J=compiled Java code, j=interpreted, Vv=VM code, C=native code)
V  [jvm.dll+0x624f9a]
V  [jvm.dll+0x770cfa]
V  [jvm.dll+0x7724af]
V  [jvm.dll+0x772ab3]
V  [jvm.dll+0x24bf08]
V  [jvm.dll+0x6222aa]
V  [jvm.dll+0x6170b5]
V  [jvm.dll+0x30a88c]
V  [jvm.dll+0x30a6c2]
V  [jvm.dll+0x30fe36]
V  [jvm.dll+0x353f46]
V  [jvm.dll+0x353720]
V  [jvm.dll+0x2e550a]
V  [jvm.dll+0x2e67a2]
V  [jvm.dll+0x74dd78]
V  [jvm.dll+0x361989]
V  [jvm.dll+0x730e65]
V  [jvm.dll+0x3cc53f]
V  [jvm.dll+0x3ce861]
C  [jli.dll+0x51ff]
C  [ucrtbase.dll+0x293cc]
C  [KERNEL32.DLL+0x16ab0]
C  [ntdll.dll+0x51edb]


---------------  P R O C E S S  ---------------

Threads class SMR info:
_java_thread_list=0x00007ffc0101ccb8, length=0, elements={
}

Java Threads: ( => current thread )

Other Threads:
  0x00000243a7d11000 GCTaskThread "GC Thread#0" [stack: 0x0000005108400000,0x0000005108500000] [id=50896]
  0x00000243a7d32800 ConcurrentGCThread "G1 Main Marker" [stack: 0x0000005108500000,0x0000005108600000] [id=48824]
  0x00000243a7d34000 ConcurrentGCThread "G1 Conc#0" [stack: 0x0000005108600000,0x0000005108700000] [id=50984]

[error occurred during error reporting (printing all threads), id 0xc0000005, EXCEPTION_ACCESS_VIOLATION (0xc0000005) at pc=0x00007ffc008551d7]

VM state:not at safepoint (not fully initialized)

VM Mutex/Monitor currently owned by a thread:  ([mutex/lock_event])
[0x00000243a7ca2f70] Heap_lock - owner thread: 0x00000243a7ca5800

Heap address: 0x0000000703600000, size: 4042 MB, Compressed Oops mode: Non-zero based: 0x0000000703600000
Narrow klass base: 0x0000000000000000, Narrow klass shift: 0

GC Heap History (0 events):
No events

Deoptimization events (0 events):
No events

Classes unloaded (0 events):
No events

Classes redefined (0 events):
No events

Internal exceptions (0 events):
No events

Events (8 events):
Event: 0.023 Loaded shared library C:\Program Files\Java\jdk-13.0.2\bin\zip.dll
Event: 0.024 Loaded shared library C:\Program Files\Java\jdk-13.0.2\bin\jimage.dll
Event: 0.029 Loading shared library C:\Program Files\Java\jdk-13.0.2\lib\libjava.base-coop.dll failed, error code 126
Event: 0.029 Loading shared library C:\Program Files\Java\jdk-13.0.2\lib\libjava.logging-coop.dll failed, error code 126
Event: 0.030 Loading shared library C:\Program Files\Java\jdk-13.0.2\lib\libjdk.compiler-coop.dll failed, error code 126
Event: 0.030 Loading shared library C:\Program Files\Java\jdk-13.0.2\lib\libjdk.scripting.nashorn-coop.dll failed, error code 126
Event: 0.030 Loading shared library C:\Program Files\Java\jdk-13.0.2\lib\libjdk.internal.vm.ci-coop.dll failed, error code 126
Event: 0.030 Loading shared library C:\Program Files\Java\jdk-13.0.2\lib\libjdk.internal.vm.compiler-coop.dll failed, error code 126


Dynamic libraries:
0x00007ff63e3b0000 - 0x00007ff63e3bf000 	C:\Program Files\Java\jdk-13.0.2\bin\java.exe
0x00007ffc4ca20000 - 0x00007ffc4cc2f000 	C:\WINDOWS\SYSTEM32\ntdll.dll
0x00007ffc4bca0000 - 0x00007ffc4bd5d000 	C:\WINDOWS\System32\KERNEL32.DLL
0x00007ffc49fb0000 - 0x00007ffc4a33c000 	C:\WINDOWS\System32\KERNELBASE.dll
0x00007ffc4a530000 - 0x00007ffc4a641000 	C:\WINDOWS\System32\ucrtbase.dll
0x00007ffc36be0000 - 0x00007ffc36bf8000 	C:\Program Files\Java\jdk-13.0.2\bin\jli.dll
0x00007ffc2e2b0000 - 0x00007ffc2e2c5000 	C:\Program Files\Java\jdk-13.0.2\bin\VCRUNTIME140.dll
0x00007ffc4b860000 - 0x00007ffc4b90e000 	C:\WINDOWS\System32\ADVAPI32.dll
0x00007ffc4c930000 - 0x00007ffc4c9d4000 	C:\WINDOWS\System32\msvcrt.dll
0x00007ffc4b6a0000 - 0x00007ffc4b741000 	C:\WINDOWS\System32\sechost.dll
0x00007ffc4bb80000 - 0x00007ffc4bc9f000 	C:\WINDOWS\System32\RPCRT4.dll
0x00007ffc4a8a0000 - 0x00007ffc4aa46000 	C:\WINDOWS\System32\USER32.dll
0x00007ffc49f80000 - 0x00007ffc49fa6000 	C:\WINDOWS\System32\win32u.dll
0x00007ffc2b6c0000 - 0x00007ffc2b961000 	C:\WINDOWS\WinSxS\amd64_microsoft.windows.common-controls_6595b64144ccf1df_6.0.22494.1000_none_23deebcec6cdf010\COMCTL32.dll
0x00007ffc4c580000 - 0x00007ffc4c5a9000 	C:\WINDOWS\System32\GDI32.dll
0x00007ffc4a650000 - 0x00007ffc4a767000 	C:\WINDOWS\System32\gdi32full.dll
0x00007ffc49ee0000 - 0x00007ffc49f7a000 	C:\WINDOWS\System32\msvcp_win.dll
0x00007ffc3e9c0000 - 0x00007ffc3e9ca000 	C:\WINDOWS\SYSTEM32\VERSION.dll
0x00007ffc4ac90000 - 0x00007ffc4acc1000 	C:\WINDOWS\System32\IMM32.DLL
0x00007ffc01680000 - 0x00007ffc0171b000 	C:\Program Files\Java\jdk-13.0.2\bin\msvcp140.dll
0x00007ffc00560000 - 0x00007ffc010bd000 	C:\Program Files\Java\jdk-13.0.2\bin\server\jvm.dll
0x00007ffc4a890000 - 0x00007ffc4a898000 	C:\WINDOWS\System32\PSAPI.DLL
0x00007ffc2dee0000 - 0x00007ffc2dee9000 	C:\WINDOWS\SYSTEM32\WSOCK32.dll
0x00007ffc453e0000 - 0x00007ffc45414000 	C:\WINDOWS\SYSTEM32\WINMM.dll
0x00007ffc4c6f0000 - 0x00007ffc4c761000 	C:\WINDOWS\System32\WS2_32.dll
0x00007ffc49070000 - 0x00007ffc49088000 	C:\WINDOWS\SYSTEM32\kernel.appcore.dll
0x00007ffc37690000 - 0x00007ffc376a0000 	C:\Program Files\Java\jdk-13.0.2\bin\verify.dll
0x00007ffc45c80000 - 0x00007ffc45ea6000 	C:\WINDOWS\SYSTEM32\DBGHELP.DLL
0x00007ffc4b230000 - 0x00007ffc4b5ab000 	C:\WINDOWS\System32\combase.dll
0x00007ffc453a0000 - 0x00007ffc453d1000 	C:\WINDOWS\SYSTEM32\dbgcore.DLL
0x00007ffc4a4a0000 - 0x00007ffc4a521000 	C:\WINDOWS\System32\bcryptPrimitives.dll
0x00007ffc2c560000 - 0x00007ffc2c586000 	C:\Program Files\Java\jdk-13.0.2\bin\java.dll
0x00007ffc25d90000 - 0x00007ffc25da7000 	C:\Program Files\Java\jdk-13.0.2\bin\zip.dll
0x00007ffc37040000 - 0x00007ffc3704a000 	C:\Program Files\Java\jdk-13.0.2\bin\jimage.dll

dbghelp: loaded successfully - version: 4.0.5 - missing functions: none
symbol engine: initialized successfully - sym options: 0x614 - pdb path: .;C:\Program Files\Java\jdk-13.0.2\bin;C:\WINDOWS\SYSTEM32;C:\WINDOWS\WinSxS\amd64_microsoft.windows.common-controls_6595b64144ccf1df_6.0.22494.1000_none_23deebcec6cdf010;C:\Program Files\Java\jdk-13.0.2\bin\server

VM Arguments:
java_command: AES
java_class_path (initial): .
Launcher Type: SUN_STANDARD

[Global flags]
     intx CICompilerCount                          = 4                                         {product} {ergonomic}
     uint ConcGCThreads                            = 3                                         {product} {ergonomic}
     uint G1ConcRefinementThreads                  = 10                                        {product} {ergonomic}
   size_t G1HeapRegionSize                         = 1048576                                   {product} {ergonomic}
    uintx GCDrainStackTargetSize                   = 64                                        {product} {ergonomic}
   size_t InitialHeapSize                          = 266338304                                 {product} {ergonomic}
   size_t MarkStackSize                            = 4194304                                   {product} {ergonomic}
   size_t MaxHeapSize                              = 4238344192                                {product} {ergonomic}
   size_t MinHeapDeltaBytes                        = 1048576                                   {product} {ergonomic}
   size_t MinHeapSize                              = 8388608                                   {product} {ergonomic}
    uintx NonNMethodCodeHeapSize                   = 5839372                                {pd product} {ergonomic}
    uintx NonProfiledCodeHeapSize                  = 122909434                              {pd product} {ergonomic}
    uintx ProfiledCodeHeapSize                     = 122909434                              {pd product} {ergonomic}
    uintx ReservedCodeCacheSize                    = 251658240                              {pd product} {ergonomic}
     bool SegmentedCodeCache                       = true                                      {product} {ergonomic}
   size_t SoftMaxHeapSize                          = 4238344192                             {manageable} {ergonomic}
     bool UseCompressedClassPointers               = true                                 {lp64_product} {ergonomic}
     bool UseCompressedOops                        = true                                 {lp64_product} {ergonomic}
     bool UseG1GC                                  = true                                      {product} {ergonomic}
     bool UseLargePagesIndividualAllocation        = false                                  {pd product} {ergonomic}

Logging:
Log output configuration:
 #0: stdout all=warning uptime,level,tags
 #1: stderr all=off uptime,level,tags

Environment Variables:
PATH=C:\Python310\Scripts\;C:\Python310\;C:\Users\M Yasaswi Raj\AppData\Local\Programs\Python\Python38\Scripts\;C:\Users\M Yasaswi Raj\AppData\Local\Programs\Python\Python38\;C:\Program Files (x86)\Common Files\Intel\Shared Libraries\redist\intel64\compiler;C:\Windows\system32;C:\Windows;C:\Windows\System32\Wbem;C:\Windows\System32\WindowsPowerShell\v1.0\;C:\Windows\System32\OpenSSH\;C:\Program Files\Intel\WiFi\bin\;C:\Program Files\Common Files\Intel\WirelessCommon\;C:\Program Files (x86)\NVIDIA Corporation\PhysX\Common;C:\Program Files\NVIDIA Corporation\NVIDIA NvDLISR;C:\Program Files\Microsoft SQL Server\120\Tools\Binn\;C:\Program Files\Common Files\Autodesk Shared\;C:\ProgramData\chocolatey\bin;C:\Program Files\PuTTY\;C:\WINDOWS\system32;C:\WINDOWS;C:\WINDOWS\System32\Wbem;C:\WINDOWS\System32\WindowsPowerShell\v1.0\;C:\WINDOWS\System32\OpenSSH\;C:\Program Files\Git\cmd;C:\Program Files\nodejs\;C:\Program Files\MongoDB\Tools\100\bin;C:\Users\M Yasaswi Raj\AppData\Local\python2\scripts;C:\Users\M Yasaswi Raj\AppData\Local\python2;C:\Users\M Yasaswi Raj\AppData\Local\Programs\Python\Python38-32\Scripts\;C:\Users\M Yasaswi Raj\AppData\Local\Programs\Python\Python38-32\;C:\Users\M Yasaswi Raj\AppData\Local\Microsoft\WindowsApps;C:\Users\M Yasaswi Raj\AppData\Local\atom\bin;C:\Users\M Yasaswi Raj\AppData\Local\GitHubDesktop\bin;C:\Program Files\Java\jdk-13.0.2\bin;C:\Program Files\JetBrains\IntelliJ IDEA 2019.3.3\bin;;C:\Program Files\heroku\bin;C:\Program Files\PostgreSQL\12\bin;C:\MinGW\bin;C:\Users\M Yasaswi Raj\AppData\Local\Android\Sdk\platform-tools;C:\Users\M Yasaswi Raj\AppData\Local\Android\Sdk\emulator;C:\Users\M Yasaswi Raj\App;C:\Users\M Yasaswi Raj\AppData\Local\Programs\Microsoft VS Code\bin;C:\Users\M Yasaswi Raj\AppData\Local\Microsoft\WindowsApps;C:\Program Files (x86)\CodeBlocks\MinGW\bin;C:\Program Files (x86)\GnuWin32\bin;C:\Users\M Yasaswi Raj\AppData\Roaming\npm;C:\Program Files (x86)\MongoDB CLI\;
USERNAME=M Yasaswi Raj
OS=Windows_NT
PROCESSOR_IDENTIFIER=Intel64 Family 6 Model 158 Stepping 10, GenuineIntel



---------------  S Y S T E M  ---------------

OS: Windows 10 , 64 bit Build 22494 (10.0.22494.1000)
HyperV virtualization detected

CPU:total 12 (initial active 12) (6 cores per cpu, 2 threads per core) family 6 model 158 stepping 10, cmov, cx8, fxsr, mmx, sse, sse2, sse3, ssse3, sse4.1, sse4.2, popcnt, avx, avx2, aes, clmul, erms, 3dnowpref, lzcnt, ht, tsc, tscinvbit, bmi1, bmi2, adx, fma

Memory: 4k page, system-wide physical 16164M (2289M free)
TotalPageFile size 16164M (AvailPageFile size 199M)
current process WorkingSet (physical memory assigned to process): 11M, peak: 11M
current process commit charge ("private bytes"): 65M, peak: 319M

vm_info: Java HotSpot(TM) 64-Bit Server VM (13.0.2+8) for windows-amd64 JRE (13.0.2+8), built on Dec 11 2019 09:20:33 by "mach5one" with unknown MS VC++:1916

END.
